Build started 2015-02-11 12:14:55.
     1>Project "C:\Users\Jakob\Documents\Visual Studio 2012\Projects\OS-lab2-seb\Lab-planet\Client OS\Client OS\Client OS.vcxproj" on node 2 (Build target(s)).
       Project file contains ToolsVersion="12.0". This toolset may be unknown or missing, in which case you may be able to resolve this by installing the appropriate version of MSBuild, or the build may have been forced to a particular ToolsVersion for policy reasons. Treating the project as if it had ToolsVersion="4.0". For more information, please see http://go.microsoft.com/fwlink/?LinkId=291333.
     1>ClCompile:
         C:\Program Files (x86)\Microsoft Visual Studio 11.0\VC\bin\CL.exe /c /ZI /nologo /W3 /WX- /sdl /Od /Oy- /D WIN32 /D _DEBUG /D _CONSOLE /D _LIB /D _MBCS /Gm /EHsc /RTC1 /MDd /GS /fp:precise /Zc:wchar_t /Zc:forScope /Fo"Debug\\" /Fd"Debug\vc110.pdb" /Gd /TC /analyze- /errorReport:prompt ..\client.c
         client.c
     1>c:\users\jakob\documents\visual studio 2012\projects\os-lab2-seb\lab-planet\client os\client.c(27): warning C4047: '=' : 'char' differs in levels of indirection from 'char [6]'
     1>c:\users\jakob\documents\visual studio 2012\projects\os-lab2-seb\lab-planet\client os\client.c(33): warning C4033: 'definePlanet' must return a value
     1>c:\users\jakob\documents\visual studio 2012\projects\os-lab2-seb\lab-planet\client os\client.c(39): warning C4020: 'mailslotConnect' : too many actual parameters
     1>c:\users\jakob\documents\visual studio 2012\projects\os-lab2-seb\lab-planet\client os\client.c(42): warning C4033: 'threadfunc' must return a value
     1>c:\users\jakob\documents\visual studio 2012\projects\os-lab2-seb\lab-planet\client os\client.c(45): warning C4047: 'return' : 'DWORD' differs in levels of indirection from 'HANDLE'
     1>c:\users\jakob\documents\visual studio 2012\projects\os-lab2-seb\lab-planet\client os\client.c(111): warning C4305: 'initializing' : truncation from 'double' to 'float'
     1>c:\users\jakob\documents\visual studio 2012\projects\os-lab2-seb\lab-planet\client os\client.c(124): warning C4244: '=' : conversion from 'double' to 'float', possible loss of data
     1>c:\users\jakob\documents\visual studio 2012\projects\os-lab2-seb\lab-planet\client os\client.c(53): warning C4101: 'thread' : unreferenced local variable
     1>c:\users\jakob\documents\visual studio 2012\projects\os-lab2-seb\lab-planet\client os\client.c(53): warning C4101: 'thread2' : unreferenced local variable
     1>c:\users\jakob\documents\visual studio 2012\projects\os-lab2-seb\lab-planet\client os\client.c(51): warning C4101: 'mailSlot' : unreferenced local variable
     1>c:\users\jakob\documents\visual studio 2012\projects\os-lab2-seb\lab-planet\client os\client.c(52): warning C4101: 'bytesWritten' : unreferenced local variable
     1>c:\users\jakob\documents\visual studio 2012\projects\os-lab2-seb\lab-planet\client os\client.c(46): warning C4715: 'threadfunc' : not all control paths return a value
     1>c:\users\jakob\documents\visual studio 2012\projects\os-lab2-seb\lab-planet\client os\client.c(34): warning C4716: 'definePlanet' : must return a value
       Link:
         C:\Program Files (x86)\Microsoft Visual Studio 11.0\VC\bin\link.exe /ERRORREPORT:PROMPT /OUT:"C:\Users\Jakob\Documents\Visual Studio 2012\Projects\OS-lab2-seb\Lab-planet\Client OS\Debug\Client OS.exe" /INCREMENTAL /NOLOGO kernel32.lib user32.lib gdi32.lib winspool.lib comdlg32.lib advapi32.lib shell32.lib ole32.lib oleaut32.lib uuid.lib odbc32.lib odbccp32.lib /MANIFEST /MANIFESTUAC:"level='asInvoker' uiAccess='false'" /manifest:embed /DEBUG /PDB:"C:\Users\Jakob\Documents\Visual Studio 2012\Projects\OS-lab2-seb\Lab-planet\Client OS\Debug\Client OS.pdb" /SUBSYSTEM:CONSOLE /TLBID:1 /DYNAMICBASE /NXCOMPAT /IMPLIB:"C:\Users\Jakob\Documents\Visual Studio 2012\Projects\OS-lab2-seb\Lab-planet\Client OS\Debug\Client OS.lib" /MACHINE:X86 Debug\client.obj
         Debug\wrapper.obj
         Client OS.vcxproj -> C:\Users\Jakob\Documents\Visual Studio 2012\Projects\OS-lab2-seb\Lab-planet\Client OS\Debug\Client OS.exe
     1>Done Building Project "C:\Users\Jakob\Documents\Visual Studio 2012\Projects\OS-lab2-seb\Lab-planet\Client OS\Client OS\Client OS.vcxproj" (Build target(s)).

Build succeeded.

Time Elapsed 00:00:00.61
